<?xml version="1.0" encoding="UTF-8"?>
<!-- Generated by org.testng.reporters.JUnitReportReporter -->
<testsuite hostname="DESKTOP-B7QEMLE" failures="0" tests="8" name="eKartAutoMation.tests.CartPageTest" time="4.322" errors="0" timestamp="2024-02-27T07:41:35 IST" skipped="0">
  <testcase classname="eKartAutoMation.tests.CartPageTest" name="pageURL" time="0.006"/>
  <testcase classname="eKartAutoMation.tests.CartPageTest" name="isBuyNowButtonAvailable" time="0.005"/>
  <testcase classname="eKartAutoMation.tests.CartPageTest" name="pageTitleTest" time="0.034"/>
  <testcase classname="eKartAutoMation.tests.CartPageTest" name="isRemoveFromCartOptionisAvailable" time="0.010"/>
  <testcase classname="eKartAutoMation.tests.CartPageTest" name="validateSumOfTheProduct" time="0.004"/>
  <testcase classname="eKartAutoMation.tests.CartPageTest" name="checkProdInfoOnCartPageTest" time="1.452"/>
  <testcase classname="eKartAutoMation.tests.CartPageTest" name="checkProdInfoOnCartPageTest" time="1.430"/>
  <testcase classname="eKartAutoMation.tests.CartPageTest" name="checkProdInfoOnCartPageTest" time="1.381"/>
</testsuite> <!-- eKartAutoMation.tests.CartPageTest -->
