<?xml version="1.0" encoding="UTF-8"?>
<!-- Generated by org.testng.reporters.JUnitReportReporter -->
<testsuite hostname="DESKTOP-B7QEMLE" failures="0" tests="4" name="eKartAutoMation.tests.LoginPageTest" time="1.945" errors="0" timestamp="2024-02-27T07:41:35 IST" skipped="0">
  <testcase classname="eKartAutoMation.tests.LoginPageTest" name="loginTitleTest" time="0.453"/>
  <testcase classname="eKartAutoMation.tests.LoginPageTest" name="loginURLTest" time="0.034"/>
  <testcase classname="eKartAutoMation.tests.LoginPageTest" name="isForgotPaswordLinkAvailble" time="0.097"/>
  <testcase classname="eKartAutoMation.tests.LoginPageTest" name="doLoginTest" time="1.361"/>
</testsuite> <!-- eKartAutoMation.tests.LoginPageTest -->
