<?xml version="1.0" encoding="UTF-8"?>
<!-- Generated by org.testng.reporters.JUnitReportReporter -->
<testsuite hostname="DESKTOP-B7QEMLE" failures="0" tests="11" name="eKartAutoMation.tests.DashBoardPageTest" time="4.046" errors="0" timestamp="2024-03-04T06:57:08 IST" skipped="1">
  <testcase classname="eKartAutoMation.tests.DashBoardPageTest" name="cartLinkAvailablilityTest" time="0.075"/>
  <testcase classname="eKartAutoMation.tests.DashBoardPageTest" name="signoutLinkAvailablilityTest" time="0.148"/>
  <testcase classname="eKartAutoMation.tests.DashBoardPageTest" name="subCategoryAvailablilityTest" time="0.073"/>
  <testcase classname="eKartAutoMation.tests.DashBoardPageTest" name="homeLinkAvailablilityTest" time="0.044"/>
  <testcase classname="eKartAutoMation.tests.DashBoardPageTest" name="searchForAvailablilityTest" time="0.367"/>
  <testcase classname="eKartAutoMation.tests.DashBoardPageTest" name="categoryAvailablilityTest" time="0.079"/>
  <testcase classname="eKartAutoMation.tests.DashBoardPageTest" name="filterAvailablilityTest" time="0.074"/>
  <testcase classname="eKartAutoMation.tests.DashBoardPageTest" name="priceRangeAvailablilityTest" time="0.074"/>
  <testcase classname="eKartAutoMation.tests.DashBoardPageTest" name="appLogoTest" time="3.066"/>
  <testcase classname="eKartAutoMation.tests.DashBoardPageTest" name="orderLinkAvailablilityTest" time="0.046"/>
  <testcase classname="eKartAutoMation.tests.DashBoardPageTest" name="addItemsInCartTest">
    <skipped/>
  </testcase> <!-- addItemsInCartTest -->
</testsuite> <!-- eKartAutoMation.tests.DashBoardPageTest -->
