<?xml version="1.0" encoding="UTF-8"?>
<!-- Generated by org.testng.reporters.JUnitReportReporter -->
<testsuite hostname="DESKTOP-B7QEMLE" failures="0" tests="4" name="eKartAutoMation.tests.LoginPageTest" time="3.437" errors="0" timestamp="2024-02-10T17:31:36 IST" skipped="0">
  <testcase classname="eKartAutoMation.tests.LoginPageTest" name="loginTitleTest" time="0.090"/>
  <testcase classname="eKartAutoMation.tests.LoginPageTest" name="loginURLTest" time="0.017"/>
  <testcase classname="eKartAutoMation.tests.LoginPageTest" name="isForgotPaswordLinkAvailble" time="0.185"/>
  <testcase classname="eKartAutoMation.tests.LoginPageTest" name="doLoginTest" time="3.145"/>
</testsuite> <!-- eKartAutoMation.tests.LoginPageTest -->
