<?xml version="1.0" encoding="UTF-8"?>
<!-- Generated by org.testng.reporters.JUnitReportReporter -->
<testsuite hostname="DESKTOP-B7QEMLE" failures="0" tests="11" name="eKartAutoMation.tests.DashBoardPageTest" time="5.656" errors="0" timestamp="2024-02-10T17:31:36 IST" skipped="1">
  <testcase classname="eKartAutoMation.tests.DashBoardPageTest" name="filterAvailablilityTest" time="0.218"/>
  <testcase classname="eKartAutoMation.tests.DashBoardPageTest" name="cartLinkAvailablilityTest" time="0.300"/>
  <testcase classname="eKartAutoMation.tests.DashBoardPageTest" name="homeLinkAvailablilityTest" time="0.176"/>
  <testcase classname="eKartAutoMation.tests.DashBoardPageTest" name="appLogoTest" time="3.132"/>
  <testcase classname="eKartAutoMation.tests.DashBoardPageTest" name="searchForAvailablilityTest" time="0.137"/>
  <testcase classname="eKartAutoMation.tests.DashBoardPageTest" name="priceRangeAvailablilityTest" time="0.128"/>
  <testcase classname="eKartAutoMation.tests.DashBoardPageTest" name="categoryAvailablilityTest" time="0.894"/>
  <testcase classname="eKartAutoMation.tests.DashBoardPageTest" name="orderLinkAvailablilityTest" time="0.354"/>
  <testcase classname="eKartAutoMation.tests.DashBoardPageTest" name="signoutLinkAvailablilityTest" time="0.216"/>
  <testcase classname="eKartAutoMation.tests.DashBoardPageTest" name="subCategoryAvailablilityTest" time="0.101"/>
  <testcase classname="eKartAutoMation.tests.DashBoardPageTest" name="addItemsInCartTest">
    <skipped/>
  </testcase> <!-- addItemsInCartTest -->
</testsuite> <!-- eKartAutoMation.tests.DashBoardPageTest -->
