<?xml version="1.0" encoding="UTF-8"?>
<!-- Generated by org.testng.reporters.JUnitReportReporter -->
<testsuite hostname="DESKTOP-B7QEMLE" failures="0" tests="11" name="eKartAutoMation.tests.DashBoardPageTest" time="3.367" errors="0" timestamp="2024-02-15T08:28:17 IST" skipped="1">
  <testcase classname="eKartAutoMation.tests.DashBoardPageTest" name="categoryAvailablilityTest" time="0.031"/>
  <testcase classname="eKartAutoMation.tests.DashBoardPageTest" name="appLogoTest" time="3.045"/>
  <testcase classname="eKartAutoMation.tests.DashBoardPageTest" name="orderLinkAvailablilityTest" time="0.036"/>
  <testcase classname="eKartAutoMation.tests.DashBoardPageTest" name="homeLinkAvailablilityTest" time="0.038"/>
  <testcase classname="eKartAutoMation.tests.DashBoardPageTest" name="searchForAvailablilityTest" time="0.049"/>
  <testcase classname="eKartAutoMation.tests.DashBoardPageTest" name="cartLinkAvailablilityTest" time="0.037"/>
  <testcase classname="eKartAutoMation.tests.DashBoardPageTest" name="filterAvailablilityTest" time="0.031"/>
  <testcase classname="eKartAutoMation.tests.DashBoardPageTest" name="subCategoryAvailablilityTest" time="0.029"/>
  <testcase classname="eKartAutoMation.tests.DashBoardPageTest" name="priceRangeAvailablilityTest" time="0.039"/>
  <testcase classname="eKartAutoMation.tests.DashBoardPageTest" name="signoutLinkAvailablilityTest" time="0.032"/>
  <testcase classname="eKartAutoMation.tests.DashBoardPageTest" name="addItemsInCartTest">
    <skipped/>
  </testcase> <!-- addItemsInCartTest -->
</testsuite> <!-- eKartAutoMation.tests.DashBoardPageTest -->
