<?xml version="1.0" encoding="UTF-8"?>
<!-- Generated by org.testng.reporters.JUnitReportReporter -->
<testsuite hostname="DESKTOP-B7QEMLE" failures="0" tests="8" name="eKartAutoMation.tests.CartPageTest" time="6.174" errors="0" timestamp="2024-02-10T17:31:36 IST" skipped="0">
  <testcase classname="eKartAutoMation.tests.CartPageTest" name="pageURL" time="0.028"/>
  <testcase classname="eKartAutoMation.tests.CartPageTest" name="isBuyNowButtonAvailable" time="0.000"/>
  <testcase classname="eKartAutoMation.tests.CartPageTest" name="validateSumOfTheProduct" time="0.000"/>
  <testcase classname="eKartAutoMation.tests.CartPageTest" name="isRemoveFromCartOptionisAvailable" time="0.000"/>
  <testcase classname="eKartAutoMation.tests.CartPageTest" name="pageTitleTest" time="0.015"/>
  <testcase classname="eKartAutoMation.tests.CartPageTest" name="checkProdInfoOnCartPageTest" time="2.530"/>
  <testcase classname="eKartAutoMation.tests.CartPageTest" name="checkProdInfoOnCartPageTest" time="2.249"/>
  <testcase classname="eKartAutoMation.tests.CartPageTest" name="checkProdInfoOnCartPageTest" time="1.352"/>
</testsuite> <!-- eKartAutoMation.tests.CartPageTest -->
