<?xml version="1.0" encoding="UTF-8"?>
<!-- Generated by org.testng.reporters.JUnitReportReporter -->
<testsuite hostname="DESKTOP-B7QEMLE" failures="0" tests="4" name="eKartAutoMation.tests.LoginPageTest" time="1.374" errors="0" timestamp="2024-02-15T08:28:17 IST" skipped="0">
  <testcase classname="eKartAutoMation.tests.LoginPageTest" name="loginTitleTest" time="0.051"/>
  <testcase classname="eKartAutoMation.tests.LoginPageTest" name="loginURLTest" time="0.036"/>
  <testcase classname="eKartAutoMation.tests.LoginPageTest" name="isForgotPaswordLinkAvailble" time="0.132"/>
  <testcase classname="eKartAutoMation.tests.LoginPageTest" name="doLoginTest" time="1.155"/>
</testsuite> <!-- eKartAutoMation.tests.LoginPageTest -->
