<?xml version="1.0" encoding="UTF-8"?>
<!-- Generated by org.testng.reporters.JUnitReportReporter -->
<testsuite hostname="DESKTOP-B7QEMLE" failures="0" tests="8" name="eKartAutoMation.tests.CartPageTest" time="4.579" errors="0" timestamp="2024-03-04T06:57:08 IST" skipped="0">
  <testcase classname="eKartAutoMation.tests.CartPageTest" name="pageTitleTest" time="0.058"/>
  <testcase classname="eKartAutoMation.tests.CartPageTest" name="pageURL" time="0.015"/>
  <testcase classname="eKartAutoMation.tests.CartPageTest" name="isBuyNowButtonAvailable" time="0.001"/>
  <testcase classname="eKartAutoMation.tests.CartPageTest" name="isRemoveFromCartOptionisAvailable" time="0.004"/>
  <testcase classname="eKartAutoMation.tests.CartPageTest" name="validateSumOfTheProduct" time="0.000"/>
  <testcase classname="eKartAutoMation.tests.CartPageTest" name="checkProdInfoOnCartPageTest" time="1.306"/>
  <testcase classname="eKartAutoMation.tests.CartPageTest" name="checkProdInfoOnCartPageTest" time="1.621"/>
  <testcase classname="eKartAutoMation.tests.CartPageTest" name="checkProdInfoOnCartPageTest" time="1.574"/>
</testsuite> <!-- eKartAutoMation.tests.CartPageTest -->
