<?xml version="1.0" encoding="UTF-8"?>
<!-- Generated by org.testng.reporters.JUnitReportReporter -->
<testsuite hostname="DESKTOP-B7QEMLE" failures="0" tests="4" name="eKartAutoMation.tests.LoginPageTest" time="1.018" errors="0" timestamp="2024-03-04T06:57:08 IST" skipped="0">
  <testcase classname="eKartAutoMation.tests.LoginPageTest" name="loginTitleTest" time="0.080"/>
  <testcase classname="eKartAutoMation.tests.LoginPageTest" name="loginURLTest" time="0.016"/>
  <testcase classname="eKartAutoMation.tests.LoginPageTest" name="isForgotPaswordLinkAvailble" time="0.046"/>
  <testcase classname="eKartAutoMation.tests.LoginPageTest" name="doLoginTest" time="0.876"/>
</testsuite> <!-- eKartAutoMation.tests.LoginPageTest -->
