<?xml version="1.0" encoding="UTF-8"?>
<!-- Generated by org.testng.reporters.JUnitReportReporter -->
<testsuite hostname="DESKTOP-B7QEMLE" failures="0" tests="2" name="eKartAutoMation.tests.GeneralTest" time="0.008" errors="0" timestamp="2024-02-14T07:56:13 IST" skipped="0">
  <testcase classname="eKartAutoMation.tests.GeneralTest" name="AccPageTest" time="0.008"/>
  <testcase classname="eKartAutoMation.tests.GeneralTest" name="loginPageTest" time="0.000"/>
</testsuite> <!-- eKartAutoMation.tests.GeneralTest -->
